2025/03/30 04:25:05 main.go:25: Подключение к базе данных Tarantool...
2025/03/30 04:25:05 main.go:39: Успешно подключено к базе данных Tarantool
2025/03/30 04:25:05 main.go:44: Проверка существования пространства для голосований...
2025/03/30 04:25:05 main.go:49: Пространство 'polls' не найдено, создаем его...
2025/03/30 04:25:05 main.go:54: Ошибка при создании пространства для голосований: Space 'polls' already exists (ClientError, code 0xa), see [C] line 4294967295
2025/03/30 04:25:05 main.go:144: Не удалось создать пространство для голосований: Space 'polls' already exists (ClientError, code 0xa), see [C] line 4294967295
2025/03/30 04:29:33 main.go:25: Подключение к базе данных Tarantool...
2025/03/30 04:29:33 main.go:39: Успешно подключено к базе данных Tarantool
2025/03/30 04:29:33 main.go:44: Проверка существования пространства для голосований...
2025/03/30 04:29:33 main.go:49: Пространство 'polls' не найдено, создаем его...
2025/03/30 04:29:33 main.go:53: Ошибка при создании пространства для голосований: unsupported Lua type 'function' (LuajitError, code 0x20), see  line 0
2025/03/30 04:29:33 main.go:142: Не удалось создать пространство для голосований: unsupported Lua type 'function' (LuajitError, code 0x20), see  line 0
2025/03/30 04:31:09 main.go:25: Подключение к базе данных Tarantool...
2025/03/30 04:31:09 main.go:39: Успешно подключено к базе данных Tarantool
2025/03/30 04:31:09 main.go:44: Проверка существования пространства для голосований...
2025/03/30 04:31:09 main.go:49: Пространство 'polls' не найдено, создаем его...
2025/03/30 04:31:09 main.go:56: Ошибка при создании пространства для голосований: Space 'polls' already exists (ClientError, code 0xa), see [C] line 4294967295
2025/03/30 04:31:09 main.go:148: Не удалось создать пространство для голосований: Space 'polls' already exists (ClientError, code 0xa), see [C] line 4294967295
2025/03/30 04:33:40 main.go:25: Подключение к базе данных Tarantool...
2025/03/30 04:33:40 main.go:39: Успешно подключено к базе данных Tarantool
2025/03/30 04:33:40 main.go:44: Проверка существования пространства для голосований...
2025/03/30 04:33:40 main.go:49: Пространство 'polls' не найдено, создаем его...
2025/03/30 04:33:40 main.go:56: Ошибка при создании пространства для голосований: Space 'polls' already exists (ClientError, code 0xa), see [C] line 4294967295
2025/03/30 04:33:40 main.go:148: Не удалось создать пространство для голосований: Space 'polls' already exists (ClientError, code 0xa), see [C] line 4294967295
2025/03/30 04:39:04 main.go:25: Подключение к базе данных Tarantool...
2025/03/30 04:39:04 main.go:39: Успешно подключено к базе данных Tarantool
2025/03/30 04:39:04 main.go:44: Проверка существования пространства для голосований...
2025/03/30 04:39:04 main.go:49: Пространство 'polls' не найдено, создаем его...
2025/03/30 04:39:04 main.go:59: Ошибка при создании пространства для голосований: Space 'polls' already exists (ClientError, code 0xa), see [C] line 4294967295
2025/03/30 04:39:04 main.go:154: Не удалось создать пространство для голосований: Space 'polls' already exists (ClientError, code 0xa), see [C] line 4294967295
2025/03/30 04:42:47 main.go:26: Подключение к базе данных Tarantool...
2025/03/30 04:42:47 main.go:40: Успешно подключено к базе данных Tarantool
2025/03/30 04:42:47 main.go:45: Создание пространства для голосований...
2025/03/30 04:42:47 main.go:57: Ошибка при создании пространства для голосований: unsupported Lua type 'function' (LuajitError, code 0x20), see  line 0
2025/03/30 04:42:47 main.go:155: Не удалось создать пространство для голосований: unsupported Lua type 'function' (LuajitError, code 0x20), see  line 0
2025/03/30 04:47:35 main.go:26: Подключение к базе данных Tarantool...
2025/03/30 04:47:35 main.go:40: Успешно подключено к базе данных Tarantool
2025/03/30 04:47:35 main.go:45: Создание пространства для голосований...
2025/03/30 04:47:35 main.go:57: Ошибка при создании пространства для голосований: unsupported Lua type 'function' (LuajitError, code 0x20), see  line 0
2025/03/30 04:47:35 main.go:155: Не удалось создать пространство для голосований: unsupported Lua type 'function' (LuajitError, code 0x20), see  line 0
a2025/03/30 04:53:18 main.go:25: Подключение к базе данных Tarantool...
2025/03/30 04:53:18 main.go:39: Успешно подключено к базе данных Tarantool
2025/03/30 04:53:18 main.go:44: Создание пространства для голосований...
2025/03/30 04:53:18 main.go:68: Пространство для голосований успешно создано или уже существует
2025/03/30 04:53:18 main.go:73: Создание пространства для голосов участников...
2025/03/30 04:53:18 main.go:97: Пространство для голосов успешно создано или уже существует
2025/03/30 04:53:18 main.go:103: Вставка нового голосования...
2025/03/30 04:53:18 main.go:113: Голосование успешно добавлено
2025/03/30 04:53:18 main.go:118: Вставка голоса участника...
2025/03/30 04:53:18 main.go:128: Голос успешно добавлен
2025/03/30 04:53:18 main.go:118: Вставка голоса участника...
2025/03/30 04:53:18 main.go:128: Голос успешно добавлен
2025/03/30 04:53:18 main.go:169: Программа завершена успешно
2025/03/30 20:56:30 main.go:25: Подключение к базе данных Tarantool...
2025/03/30 20:56:30 main.go:39: Успешно подключено к базе данных Tarantool
2025/03/30 20:56:30 main.go:44: Создание пространства для голосований...
2025/03/30 20:56:30 main.go:68: Пространство для голосований успешно создано или уже существует
2025/03/30 20:56:30 main.go:73: Создание пространства для голосов участников...
2025/03/30 20:56:30 main.go:97: Пространство для голосов успешно создано или уже существует
2025/03/30 20:56:30 main.go:103: Вставка нового голосования...
2025/03/30 20:56:30 main.go:109: Ошибка при вставке голосования: Duplicate key exists in unique index "primary" in space "polls" with old tuple - [1, "Какой язык программирования лучший?", ["Go", "Python", "Java", "C++"], "2025-03-30T04:53:18+03:00"] and new tuple - [1, "Какой язык программирования лучший?", ["Go", "Python", "Java", "C++"], "2025-03-30T20:56:30+03:00"] (ClientError, code 0x3), see [C] line 4294967295
2025/03/30 20:56:30 main.go:154: Не удалось вставить новое голосование: Duplicate key exists in unique index "primary" in space "polls" with old tuple - [1, "Какой язык программирования лучший?", ["Go", "Python", "Java", "C++"], "2025-03-30T04:53:18+03:00"] and new tuple - [1, "Какой язык программирования лучший?", ["Go", "Python", "Java", "C++"], "2025-03-30T20:56:30+03:00"] (ClientError, code 0x3), see [C] line 4294967295
2025/03/30 21:02:29 main.go:25: Подключение к базе данных Tarantool...
2025/03/30 21:02:29 main.go:39: Успешно подключено к базе данных Tarantool
2025/03/30 21:02:29 main.go:44: Создание пространства для голосований...
2025/03/30 21:02:29 main.go:73: Пространство для голосований успешно создано или уже существует
2025/03/30 21:02:29 main.go:78: Создание пространства для голосов участников...
2025/03/30 21:02:29 main.go:102: Пространство для голосов успешно создано или уже существует
2025/03/30 21:02:29 main.go:108: Вставка нового голосования...
2025/03/30 21:02:29 main.go:115: Ошибка при вставке голосования: builtin/box/schema.lua:2828: bad argument #1 to 'insert' (table expected, got number) (LuajitError, code 0x20), see src/lua/utils.c line 700
2025/03/30 21:02:29 main.go:160: Не удалось вставить новое голосование: builtin/box/schema.lua:2828: bad argument #1 to 'insert' (table expected, got number) (LuajitError, code 0x20), see src/lua/utils.c line 700
2025/03/30 20:57:08 main.go:25: Подключение к базе данных Tarantool...
2025/03/30 20:57:08 main.go:39: Успешно подключено к базе данных Tarantool
2025/03/30 20:57:08 main.go:44: Создание пространства для голосований...
2025/03/30 20:57:08 main.go:68: Пространство для голосований успешно создано или уже существует
2025/03/30 20:57:08 main.go:73: Создание пространства для голосов участников...
2025/03/30 20:57:08 main.go:97: Пространство для голосов успешно создано или уже существует
2025/03/30 20:57:08 main.go:103: Вставка нового голосования...
2025/03/30 20:57:08 main.go:109: Ошибка при вставке голосования: Duplicate key exists in unique index "primary" in space "polls" with old tuple - [1, "Какой язык программирования лучший?", ["Go", "Python", "Java", "C++"], "2025-03-30T04:53:18+03:00"] and new tuple - [1, "Какой язык программирования лучший?", ["Go", "Python", "Java", "C++"], "2025-03-30T20:57:08+03:00"] (ClientError, code 0x3), see [C] line 4294967295
2025/03/30 20:57:08 main.go:154: Не удалось вставить новое голосование: Duplicate key exists in unique index "primary" in space "polls" with old tuple - [1, "Какой язык программирования лучший?", ["Go", "Python", "Java", "C++"], "2025-03-30T04:53:18+03:00"] and new tuple - [1, "Какой язык программирования лучший?", ["Go", "Python", "Java", "C++"], "2025-03-30T20:57:08+03:00"] (ClientError, code 0x3), see [C] line 4294967295
2025/03/30 21:06:09 main.go:25: Подключение к базе данных Tarantool...
2025/03/30 21:06:09 main.go:39: Успешно подключено к базе данных Tarantool
2025/03/30 21:06:09 main.go:44: Создание пространства для голосований...
2025/03/30 21:06:09 main.go:73: Пространство для голосований успешно создано или уже существует
2025/03/30 21:06:09 main.go:78: Создание пространства для голосов участников...
2025/03/30 21:06:09 main.go:102: Пространство для голосов успешно создано или уже существует
2025/03/30 21:06:09 main.go:108: Вставка нового голосования...
2025/03/30 21:06:09 main.go:123: Голосование успешно добавлено
2025/03/30 21:06:09 main.go:128: Вставка голоса участника...
2025/03/30 21:06:09 main.go:134: Ошибка при вставке голоса: Duplicate key exists in unique index "primary" in space "votes" with old tuple - [1, 101, 0] and new tuple - [1, 101, 0] (ClientError, code 0x3), see [C] line 4294967295
2025/03/30 21:06:09 main.go:170: Не удалось вставить2025/03/30 21:03:50 main.go:25: Подключение к базе данных Tarantool...
2025/03/30 21:03:50 main.go:39: Успешно подключено к базе данных Tarantool
2025/03/30 21:03:50 main.go:44: Создание пространства для голосований...
2025/03/30 21:03:50 main.go:73: Пространство для голосований успешно создано или уже существует
2025/03/30 21:03:50 main.go:78: Создание пространства для голосов участников...
2025/03/30 21:03:50 main.go:102: Пространство для голосов успешно создано или уже существует
2025/03/30 21:03:50 main.go:108: Вставка нового голосования...
2025/03/30 21:03:50 main.go:115: Ошибка при вставке голосования: builtin/box/schema.lua:2828: bad argument #1 to 'insert' (table expected, got number) (LuajitError, code 0x20), see src/lua/utils.c line 700
2025/03/30 21:03:50 main.go:160: Не удалось вставить новое голосование: builtin/box/schema.lua:2828: bad argument #1 to 'insert' (table expected, got number) (LuajitError, code 0x20), see src/lua/utils.c line 700
 голос: Duplicate key exists in unique index "primary" in space "votes" with old tuple - [1, 101, 0] and new tuple - [1, 101, 0] (ClientError, code 0x3), see [C] line 4294967295
2025/03/30 21:07:15 main.go:25: Подключение к базе данных Tarantool...
2025/03/30 21:07:15 main.go:39: Успешно подключено к базе данных Tarantool
2025/03/30 21:07:15 main.go:44: Создание пространства для голосований...
2025/03/30 21:07:15 main.go:73: Пространство для голосований успешно создано или уже существует
2025/03/30 21:07:15 main.go:78: Создание пространства для голосов участников...
2025/03/30 21:07:15 main.go:102: Пространство для голосов успешно создано или уже существует
2025/03/30 21:07:15 main.go:108: Вставка нового голосования...
2025/03/30 21:07:15 main.go:123: Голосование успешно добавлено
2025/03/30 21:07:15 main.go:128: Вставка голоса участника...
2025/03/30 21:07:15 main.go:138: Голос уже существует для этого пользователя и голосования
2025/03/30 21:07:15 main.go:128: Вставка голоса участника...
2025/03/30 21:07:15 main.go:138: Голос уже существует для этого пользователя и голосования
2025/03/30 21:07:15 main.go:191: Программа завершена успешно
2025/03/30 21:19:06 main.go:25: Подключение к базе данных Tarantool...
2025/03/30 21:19:06 main.go:39: Успешно подключено к базе данных Tarantool
2025/03/30 21:19:06 main.go:44: Создание пространства для голосований...
2025/03/30 21:19:06 main.go:74: Пространство для голосований успешно создано или уже существует
2025/03/30 21:19:06 main.go:79: Создание пространства для голосов участников...
2025/03/30 21:19:06 main.go:103: Пространство для голосов успешно создано или уже существует
2025/03/30 21:19:06 main.go:109: Вставка нового голосования...
2025/03/30 21:19:06 main.go:130: Голосование успешно добавлено
2025/03/30 21:19:06 main.go:167: Вставка голоса участника...
2025/03/30 21:19:06 main.go:177: Голос уже существует для этого пользователя и голосования
2025/03/30 21:19:06 main.go:167: Вставка голоса участника...
2025/03/30 21:19:06 main.go:177: Голос уже существует для этого пользователя и голосования
2025/03/30 21:19:06 main.go:135: Получение результатов голосования с ID 1...
2025/03/30 21:19:06 main.go:158: Результаты голосования:
2025/03/30 21:19:06 main.go:160: Вариант 0: 1 голосов
2025/03/30 21:19:06 main.go:160: Вариант 1: 1 голосов
2025/03/30 21:19:06 main.go:198: Завершение голосования с ID 1...
2025/03/30 21:19:06 main.go:209: Голосование успешно завершено
2025/03/30 21:19:06 main.go:214: Удаление голосования с ID 1...
2025/03/30 21:19:06 main.go:219: Ошибка при удалении голосов: Invalid key part count in an exact match (expected 2, got 1) (ClientError, code 0x13), see src/box/index.cc line 190
2025/03/30 21:19:06 main.go:285: Не удалось удалить голосование: Invalid key part count in an exact match (expected 2, got 1) (ClientError, code 0x13), see src/box/index.cc line 190
2025/03/30 21:20:27 main.go:25: Подключение к базе данных Tarantool...
2025/03/30 21:20:27 main.go:39: Успешно подключено к базе данных Tarantool
2025/03/30 21:20:27 main.go:44: Создание пространства для голосований...
2025/03/30 21:20:27 main.go:74: Пространство для голосований успешно создано или уже существует
2025/03/30 21:20:27 main.go:79: Создание пространства для голосов участников...
2025/03/30 21:20:27 main.go:103: Пространство для голосов успешно создано или уже существует
2025/03/30 21:20:27 main.go:109: Вставка нового голосования...
2025/03/30 21:20:27 main.go:130: Голосование успешно добавлено
2025/03/30 21:20:27 main.go:167: Вставка голоса участника...
2025/03/30 21:20:27 main.go:177: Голос уже существует для этого пользователя и голосования
2025/03/30 21:20:27 main.go:167: Вставка голоса участника...
2025/03/30 21:20:27 main.go:177: Голос уже существует для этого пользователя и голосования
2025/03/30 21:20:27 main.go:135: Получение результатов голосования с ID 1...
2025/03/30 21:20:27 main.go:158: Результаты голосования:
2025/03/30 21:20:27 main.go:160: Вариант 0: 1 голосов
2025/03/30 21:20:27 main.go:160: Вариант 1: 1 голосов
2025/03/30 21:20:27 main.go:198: Завершение голосования с ID 1...
2025/03/30 21:20:27 main.go:209: Голосование успешно завершено
2025/03/30 21:20:27 main.go:214: Удаление голосования с ID 1...
2025/03/30 21:20:27 main.go:238: Все голоса успешно удалены
2025/03/30 21:20:27 main.go:248: Голосование и связанные голоса успешно удалены
2025/03/30 21:20:27 main.go:306: Программа завершена успешно
2025/03/30 21:23:26 main.go:25: Подключение к базе данных Tarantool...
2025/03/30 21:23:26 main.go:39: Успешно подключено к базе данных Tarantool
2025/03/30 21:23:26 main.go:44: Создание пространства для голосований...
2025/03/30 21:23:26 main.go:74: Пространство для голосований успешно создано или уже существует
2025/03/30 21:23:26 main.go:79: Создание пространства для голосов участников...
2025/03/30 21:23:26 main.go:103: Пространство для голосов успешно создано или уже существует
2025/03/30 21:23:26 main.go:109: Вставка нового голосования...
2025/03/30 21:23:26 main.go:130: Голосование успешно добавлено
2025/03/30 21:23:26 main.go:167: Вставка голоса участника...
2025/03/30 21:23:26 main.go:193: Голос успешно добавлен
2025/03/30 21:23:26 main.go:167: Вставка голоса участника...
2025/03/30 21:23:26 main.go:193: Голос успешно добавлен
2025/03/30 21:23:26 main.go:135: Получение результатов голосования с ID 1...
2025/03/30 21:23:26 main.go:158: Результаты голосования:
2025/03/30 21:23:26 main.go:160: Вариант 0: 1 голосов
2025/03/30 21:23:26 main.go:160: Вариант 1: 1 голосов
2025/03/30 21:23:26 main.go:198: Завершение голосования с ID 1...
2025/03/30 21:23:26 main.go:209: Голосование успешно завершено
2025/03/30 21:23:26 main.go:214: Удаление голосования с ID 1...
2025/03/30 21:23:26 main.go:238: Все голоса успешно удалены
2025/03/30 21:23:26 main.go:248: Голосование и связанные голоса успешно удалены
2025/03/30 21:23:26 main.go:306: Программа завершена успешно
